d:\at-proceduralbuildings-dx11\at1\at1\debug\vc141.pdb
d:\at-proceduralbuildings-dx11\at1\at1\debug\vc141.idb
d:\at-proceduralbuildings-dx11\at1\at1\debug\winmain.obj
d:\at-proceduralbuildings-dx11\at1\at1\debug\texture.obj
d:\at-proceduralbuildings-dx11\at1\at1\debug\shapes.obj
d:\at-proceduralbuildings-dx11\at1\at1\debug\model.obj
d:\at-proceduralbuildings-dx11\at1\at1\debug\renderer.obj
d:\at-proceduralbuildings-dx11\at1\at1\debug\objexporter.obj
d:\at-proceduralbuildings-dx11\at1\at1\debug\dxapp.obj
d:\at-proceduralbuildings-dx11\at1\at1\colourpixelshader.cso
d:\at-proceduralbuildings-dx11\at1\at1\colourvertexshader.cso
d:\at-proceduralbuildings-dx11\at1\at1\texturepixelshader.cso
d:\at-proceduralbuildings-dx11\at1\at1\texturevertexshader.cso
d:\at-proceduralbuildings-dx11\at1\debug\at1.exe
d:\at-proceduralbuildings-dx11\at1\debug\at1.ilk
d:\at-proceduralbuildings-dx11\at1\debug\at1.pdb
d:\at-proceduralbuildings-dx11\at1\at1\debug\at1.tlog\cl.command.1.tlog
d:\at-proceduralbuildings-dx11\at1\at1\debug\at1.tlog\cl.read.1.tlog
d:\at-proceduralbuildings-dx11\at1\at1\debug\at1.tlog\cl.write.1.tlog
d:\at-proceduralbuildings-dx11\at1\at1\debug\at1.tlog\fxc.command.1.tlog
d:\at-proceduralbuildings-dx11\at1\at1\debug\at1.tlog\fxc.read.1.tlog
d:\at-proceduralbuildings-dx11\at1\at1\debug\at1.tlog\fxc.write.1.tlog
d:\at-proceduralbuildings-dx11\at1\at1\debug\at1.tlog\link.command.1.tlog
d:\at-proceduralbuildings-dx11\at1\at1\debug\at1.tlog\link.read.1.tlog
d:\at-proceduralbuildings-dx11\at1\at1\debug\at1.tlog\link.write.1.tlog
