  BuildingGenerator.cpp
  c:\program files (x86)\windows kits\10\include\10.0.17134.0\um\dinput.h: DIRECTINPUT_VERSION undefined. Defaulting to version 0x0800
e:\-- university --\-- year 3 --\at-proceduralbuildings-dx11\at1\at1\buildinggenerator.cpp(23): warning C4244: 'argument': conversion from 'float' to 'int', possible loss of data
e:\-- university --\-- year 3 --\at-proceduralbuildings-dx11\at1\at1\buildinggenerator.cpp(30): warning C4244: 'argument': conversion from 'float' to 'int', possible loss of data
e:\-- university --\-- year 3 --\at-proceduralbuildings-dx11\at1\at1\buildinggenerator.cpp(40): warning C4244: 'argument': conversion from 'float' to 'int', possible loss of data
e:\-- university --\-- year 3 --\at-proceduralbuildings-dx11\at1\at1\buildinggenerator.cpp(47): warning C4244: 'argument': conversion from 'float' to 'int', possible loss of data
e:\-- university --\-- year 3 --\at-proceduralbuildings-dx11\at1\at1\buildinggenerator.cpp(57): warning C4018: '<': signed/unsigned mismatch
e:\-- university --\-- year 3 --\at-proceduralbuildings-dx11\at1\at1\buildinggenerator.cpp(61): warning C4018: '<': signed/unsigned mismatch
e:\-- university --\-- year 3 --\at-proceduralbuildings-dx11\at1\at1\buildinggenerator.cpp(108): warning C4244: '=': conversion from 'float' to 'int', possible loss of data
e:\-- university --\-- year 3 --\at-proceduralbuildings-dx11\at1\at1\buildinggenerator.cpp(111): warning C4244: '=': conversion from 'float' to 'int', possible loss of data
e:\-- university --\-- year 3 --\at-proceduralbuildings-dx11\at1\at1\buildinggenerator.cpp(118): warning C4244: '=': conversion from 'float' to 'int', possible loss of data
e:\-- university --\-- year 3 --\at-proceduralbuildings-dx11\at1\at1\buildinggenerator.cpp(123): warning C4244: '=': conversion from 'float' to 'int', possible loss of data
e:\-- university --\-- year 3 --\at-proceduralbuildings-dx11\at1\at1\buildinggenerator.cpp(131): warning C4244: 'argument': conversion from 'int' to 'float', possible loss of data
e:\-- university --\-- year 3 --\at-proceduralbuildings-dx11\at1\at1\buildinggenerator.cpp(129): warning C4244: 'argument': conversion from 'int' to 'float', possible loss of data
e:\-- university --\-- year 3 --\at-proceduralbuildings-dx11\at1\at1\buildinggenerator.cpp(128): warning C4244: 'argument': conversion from 'float' to 'int', possible loss of data
e:\-- university --\-- year 3 --\at-proceduralbuildings-dx11\at1\at1\buildinggenerator.cpp(146): warning C4244: 'argument': conversion from 'float' to 'int', possible loss of data
e:\-- university --\-- year 3 --\at-proceduralbuildings-dx11\at1\at1\buildinggenerator.cpp(159): warning C4244: 'argument': conversion from 'float' to 'int', possible loss of data
e:\-- university --\-- year 3 --\at-proceduralbuildings-dx11\at1\at1\buildinggenerator.cpp(180): warning C4244: 'argument': conversion from 'float' to 'int', possible loss of data
e:\-- university --\-- year 3 --\at-proceduralbuildings-dx11\at1\at1\buildinggenerator.cpp(187): warning C4244: 'argument': conversion from 'float' to 'int', possible loss of data
e:\-- university --\-- year 3 --\at-proceduralbuildings-dx11\at1\at1\buildinggenerator.cpp(194): warning C4244: 'argument': conversion from 'float' to 'int', possible loss of data
e:\-- university --\-- year 3 --\at-proceduralbuildings-dx11\at1\at1\buildinggenerator.cpp(200): warning C4244: 'argument': conversion from 'float' to 'int', possible loss of data
e:\-- university --\-- year 3 --\at-proceduralbuildings-dx11\at1\at1\buildinggenerator.cpp(206): warning C4018: '<': signed/unsigned mismatch
e:\-- university --\-- year 3 --\at-proceduralbuildings-dx11\at1\at1\buildinggenerator.cpp(219): warning C4244: 'argument': conversion from 'float' to 'int', possible loss of data
e:\-- university --\-- year 3 --\at-proceduralbuildings-dx11\at1\at1\buildinggenerator.cpp(226): warning C4018: '<': signed/unsigned mismatch
  Camera.cpp
  c:\program files (x86)\windows kits\10\include\10.0.17134.0\um\dinput.h: DIRECTINPUT_VERSION undefined. Defaulting to version 0x0800
  DXApp.cpp
  c:\program files (x86)\windows kits\10\include\10.0.17134.0\um\dinput.h: DIRECTINPUT_VERSION undefined. Defaulting to version 0x0800
e:\-- university --\-- year 3 --\at-proceduralbuildings-dx11\at1\at1\dxapp.cpp(100): warning C4316: 'Renderer': object allocated on the heap may not be aligned 16
e:\-- university --\-- year 3 --\at-proceduralbuildings-dx11\at1\at1\dxapp.cpp(109): warning C4316: 'Camera': object allocated on the heap may not be aligned 16
e:\-- university --\-- year 3 --\at-proceduralbuildings-dx11\at1\at1\dxapp.cpp(128): warning C4018: '<': signed/unsigned mismatch
e:\-- university --\-- year 3 --\at-proceduralbuildings-dx11\at1\at1\dxapp.cpp(207): warning C4244: 'argument': conversion from 'double' to 'float', possible loss of data
e:\-- university --\-- year 3 --\at-proceduralbuildings-dx11\at1\at1\dxapp.cpp(214): warning C4018: '<': signed/unsigned mismatch
e:\-- university --\-- year 3 --\at-proceduralbuildings-dx11\at1\at1\dxapp.cpp(231): warning C4018: '<': signed/unsigned mismatch
e:\-- university --\-- year 3 --\at-proceduralbuildings-dx11\at1\at1\dxapp.cpp(345): warning C4244: '=': conversion from 'float' to '__int64', possible loss of data
  Model.cpp
e:\-- university --\-- year 3 --\at-proceduralbuildings-dx11\at1\at1\model.cpp(10): warning C4244: '=': conversion from 'int' to 'float', possible loss of data
e:\-- university --\-- year 3 --\at-proceduralbuildings-dx11\at1\at1\model.cpp(11): warning C4244: '=': conversion from 'int' to 'float', possible loss of data
e:\-- university --\-- year 3 --\at-proceduralbuildings-dx11\at1\at1\model.cpp(12): warning C4244: '=': conversion from 'int' to 'float', possible loss of data
e:\-- university --\-- year 3 --\at-proceduralbuildings-dx11\at1\at1\model.cpp(18): warning C4244: '=': conversion from 'long double' to 'float', possible loss of data
  OBJExporter.cpp
e:\-- university --\-- year 3 --\at-proceduralbuildings-dx11\at1\at1\objexporter.cpp(15): warning C4018: '<': signed/unsigned mismatch
e:\-- university --\-- year 3 --\at-proceduralbuildings-dx11\at1\at1\objexporter.cpp(43): warning C4018: '<': signed/unsigned mismatch
e:\-- university --\-- year 3 --\at-proceduralbuildings-dx11\at1\at1\objexporter.cpp(57): warning C4018: '<': signed/unsigned mismatch
e:\-- university --\-- year 3 --\at-proceduralbuildings-dx11\at1\at1\objexporter.cpp(64): warning C4018: '<': signed/unsigned mismatch
e:\-- university --\-- year 3 --\at-proceduralbuildings-dx11\at1\at1\objexporter.cpp(69): warning C4018: '<': signed/unsigned mismatch
e:\-- university --\-- year 3 --\at-proceduralbuildings-dx11\at1\at1\objexporter.cpp(74): warning C4018: '<': signed/unsigned mismatch
e:\-- university --\-- year 3 --\at-proceduralbuildings-dx11\at1\at1\objexporter.cpp(80): warning C4018: '<': signed/unsigned mismatch
e:\-- university --\-- year 3 --\at-proceduralbuildings-dx11\at1\at1\objexporter.cpp(117): warning C4018: '<': signed/unsigned mismatch
e:\-- university --\-- year 3 --\at-proceduralbuildings-dx11\at1\at1\objexporter.cpp(135): warning C4018: '<': signed/unsigned mismatch
  Renderer.cpp
  Texture.cpp
  winmain.cpp
  c:\program files (x86)\windows kits\10\include\10.0.17134.0\um\dinput.h: DIRECTINPUT_VERSION undefined. Defaulting to version 0x0800
  Generating Code...
  AT1.vcxproj -> E:\-- UNIVERSITY --\-- Year 3 --\AT-ProceduralBuildings-DX11\AT1\Debug\AT1.exe
